<?xml version="1.0" encoding="UTF-8"?>
<testng-results skipped="0" failed="1" ignored="0" total="2" passed="1">
  <reporter-output>
  </reporter-output>
  <suite name="HRM Test Suite" duration-ms="6286" started-at="2024-01-07T12:39:12Z" finished-at="2024-01-07T12:39:18Z">
    <groups>
    </groups>
    <test name="Pending Leave Request Test Case" duration-ms="4056" started-at="2024-01-07T12:39:12Z" finished-at="2024-01-07T12:39:16Z">
      <class name="testCases.TestPendingLeaveRequest">
        <test-method status="PASS" signature="verifyPendingLeaveRequest()[pri:0, instance:testCases.TestPendingLeaveRequest@4b9e13df]" name="verifyPendingLeaveRequest" duration-ms="4045" started-at="2024-01-07T18:09:12Z" finished-at="2024-01-07T18:09:16Z">
          <reporter-output>
          </reporter-output>
        </test-method> <!-- verifyPendingLeaveRequest -->
      </class> <!-- testCases.TestPendingLeaveRequest -->
    </test> <!-- Pending Leave Request Test Case -->
    <test name="Check User Role Test Case" duration-ms="2205" started-at="2024-01-07T12:39:16Z" finished-at="2024-01-07T12:39:18Z">
      <class name="testCases.TestUserRole">
        <test-method status="PASS" signature="launchBrowser()[pri:0, instance:testCases.TestUserRole@5c3bd550]" name="launchBrowser" is-config="true" duration-ms="6624" started-at="2024-01-07T18:09:05Z" finished-at="2024-01-07T18:09:12Z">
          <reporter-output>
          </reporter-output>
        </test-method> <!-- launchBrowser -->
        <test-method status="FAIL" signature="addUser()[pri:0, instance:testCases.TestUserRole@5c3bd550]" name="addUser" duration-ms="2200" started-at="2024-01-07T18:09:16Z" finished-at="2024-01-07T18:09:18Z">
          <exception class="org.openqa.selenium.support.ui.UnexpectedTagNameException">
            <message>
              <![CDATA[Element should have been "select" but was "div"
Build info: version: '3.141.59', revision: 'e82be7d358', time: '2018-11-14T08:25:53'
System info: host: 'SANTHOSH', ip: '192.168.1.5', os.name: 'Windows 11', os.arch: 'amd64', os.version: '10.0', java.version: '1.8.0_391'
Driver info: driver.version: unknown]]>
            </message>
            <full-stacktrace>
              <![CDATA[org.openqa.selenium.support.ui.UnexpectedTagNameException: Element should have been "select" but was "div"
Build info: version: '3.141.59', revision: 'e82be7d358', time: '2018-11-14T08:25:53'
System info: host: 'SANTHOSH', ip: '192.168.1.5', os.name: 'Windows 11', os.arch: 'amd64', os.version: '10.0', java.version: '1.8.0_391'
Driver info: driver.version: unknown
	at org.openqa.selenium.support.ui.Select.<init>(Select.java:48)
	at testCases.TestUserRole.addUser(TestUserRole.java:24)
	at sun.reflect.NativeMethodAccessorImpl.invoke0(Native Method)
	at sun.reflect.NativeMethodAccessorImpl.invoke(Unknown Source)
	at sun.reflect.DelegatingMethodAccessorImpl.invoke(Unknown Source)
	at java.lang.reflect.Method.invoke(Unknown Source)
	at org.testng.internal.MethodInvocationHelper.invokeMethod(MethodInvocationHelper.java:108)
	at org.testng.internal.Invoker.invokeMethod(Invoker.java:661)
	at org.testng.internal.Invoker.invokeTestMethod(Invoker.java:869)
	at org.testng.internal.Invoker.invokeTestMethods(Invoker.java:1193)
	at org.testng.internal.TestMethodWorker.invokeTestMethods(TestMethodWorker.java:126)
	at org.testng.internal.TestMethodWorker.run(TestMethodWorker.java:109)
	at org.testng.TestRunner.privateRun(TestRunner.java:744)
	at org.testng.TestRunner.run(TestRunner.java:602)
	at org.testng.SuiteRunner.runTest(SuiteRunner.java:380)
	at org.testng.SuiteRunner.runSequentially(SuiteRunner.java:375)
	at org.testng.SuiteRunner.privateRun(SuiteRunner.java:340)
	at org.testng.SuiteRunner.run(SuiteRunner.java:289)
	at org.testng.SuiteRunnerWorker.runSuite(SuiteRunnerWorker.java:52)
	at org.testng.SuiteRunnerWorker.run(SuiteRunnerWorker.java:86)
	at org.testng.TestNG.runSuitesSequentially(TestNG.java:1301)
	at org.testng.TestNG.runSuitesLocally(TestNG.java:1226)
	at org.testng.TestNG.runSuites(TestNG.java:1144)
	at org.testng.TestNG.run(TestNG.java:1115)
	at org.testng.remote.AbstractRemoteTestNG.run(AbstractRemoteTestNG.java:132)
	at org.testng.remote.RemoteTestNG.initAndRun(RemoteTestNG.java:230)
	at org.testng.remote.RemoteTestNG.main(RemoteTestNG.java:76)
]]>
            </full-stacktrace>
          </exception> <!-- org.openqa.selenium.support.ui.UnexpectedTagNameException -->
          <reporter-output>
          </reporter-output>
        </test-method> <!-- addUser -->
        <test-method status="PASS" signature="tearDown()[pri:0, instance:testCases.TestUserRole@5c3bd550]" name="tearDown" is-config="true" duration-ms="0" started-at="2024-01-07T18:09:18Z" finished-at="2024-01-07T18:09:18Z">
          <reporter-output>
          </reporter-output>
        </test-method> <!-- tearDown -->
      </class> <!-- testCases.TestUserRole -->
    </test> <!-- Check User Role Test Case -->
  </suite> <!-- HRM Test Suite -->
</testng-results>
